<?xml version="1.0" encoding="UTF-8"?>
<testsuite xmlns:xsi="http://www.w3.org/2001/XMLSchema-instance" xsi:noNamespaceSchemaLocation="https://maven.apache.org/surefire/maven-surefire-plugin/xsd/surefire-test-report.xsd" name="score.ScoreControllerTest" time="3.993" tests="1" errors="0" skipped="0" failures="0">
  <properties>
    <property name="sun.desktop" value="windows"/>
    <property name="awt.toolkit" value="sun.awt.windows.WToolkit"/>
    <property name="file.encoding.pkg" value="sun.io"/>
    <property name="java.specification.version" value="1.8"/>
    <property name="sun.cpu.isalist" value="pentium_pro+mmx pentium_pro pentium+mmx pentium i486 i386 i86"/>
    <property name="sun.jnu.encoding" value="GBK"/>
    <property name="java.class.path" value="D:\Code\wx\target\test-classes;D:\Code\wx\target\classes;D:\Maven\apache-maven-3.6.0-bin\apache-maven-3.6.0\m2\repository\com\jolbox\bonecp-spring\0.8.0.RELEASE\bonecp-spring-0.8.0.RELEASE.jar;D:\Maven\apache-maven-3.6.0-bin\apache-maven-3.6.0\m2\repository\com\jolbox\bonecp\0.8.0.RELEASE\bonecp-0.8.0.RELEASE.jar;D:\Maven\apache-maven-3.6.0-bin\apache-maven-3.6.0\m2\repository\com\google\guava\guava\15.0\guava-15.0.jar;D:\Maven\apache-maven-3.6.0-bin\apache-maven-3.6.0\m2\repository\org\slf4j\slf4j-api\1.7.25\slf4j-api-1.7.25.jar;D:\Maven\apache-maven-3.6.0-bin\apache-maven-3.6.0\m2\repository\commons-codec\commons-codec\1.9\commons-codec-1.9.jar;D:\Maven\apache-maven-3.6.0-bin\apache-maven-3.6.0\m2\repository\org\springframework\boot\spring-boot-starter-web\2.1.3.RELEASE\spring-boot-starter-web-2.1.3.RELEASE.jar;D:\Maven\apache-maven-3.6.0-bin\apache-maven-3.6.0\m2\repository\org\springframework\boot\spring-boot-starter\2.1.3.RELEASE\spring-boot-starter-2.1.3.RELEASE.jar;D:\Maven\apache-maven-3.6.0-bin\apache-maven-3.6.0\m2\repository\org\springframework\boot\spring-boot\2.1.3.RELEASE\spring-boot-2.1.3.RELEASE.jar;D:\Maven\apache-maven-3.6.0-bin\apache-maven-3.6.0\m2\repository\org\springframework\boot\spring-boot-autoconfigure\2.1.3.RELEASE\spring-boot-autoconfigure-2.1.3.RELEASE.jar;D:\Maven\apache-maven-3.6.0-bin\apache-maven-3.6.0\m2\repository\org\springframework\boot\spring-boot-starter-logging\2.1.3.RELEASE\spring-boot-starter-logging-2.1.3.RELEASE.jar;D:\Maven\apache-maven-3.6.0-bin\apache-maven-3.6.0\m2\repository\ch\qos\logback\logback-classic\1.2.3\logback-classic-1.2.3.jar;D:\Maven\apache-maven-3.6.0-bin\apache-maven-3.6.0\m2\repository\ch\qos\logback\logback-core\1.2.3\logback-core-1.2.3.jar;D:\Maven\apache-maven-3.6.0-bin\apache-maven-3.6.0\m2\repository\org\apache\logging\log4j\log4j-to-slf4j\2.11.2\log4j-to-slf4j-2.11.2.jar;D:\Maven\apache-maven-3.6.0-bin\apache-maven-3.6.0\m2\repository\org\apache\logging\log4j\log4j-api\2.11.2\log4j-api-2.11.2.jar;D:\Maven\apache-maven-3.6.0-bin\apache-maven-3.6.0\m2\repository\org\slf4j\jul-to-slf4j\1.7.25\jul-to-slf4j-1.7.25.jar;D:\Maven\apache-maven-3.6.0-bin\apache-maven-3.6.0\m2\repository\javax\annotation\javax.annotation-api\1.3.2\javax.annotation-api-1.3.2.jar;D:\Maven\apache-maven-3.6.0-bin\apache-maven-3.6.0\m2\repository\org\yaml\snakeyaml\1.23\snakeyaml-1.23.jar;D:\Maven\apache-maven-3.6.0-bin\apache-maven-3.6.0\m2\repository\org\springframework\boot\spring-boot-starter-json\2.1.3.RELEASE\spring-boot-starter-json-2.1.3.RELEASE.jar;D:\Maven\apache-maven-3.6.0-bin\apache-maven-3.6.0\m2\repository\com\fasterxml\jackson\core\jackson-databind\2.9.8\jackson-databind-2.9.8.jar;D:\Maven\apache-maven-3.6.0-bin\apache-maven-3.6.0\m2\repository\com\fasterxml\jackson\core\jackson-annotations\2.9.0\jackson-annotations-2.9.0.jar;D:\Maven\apache-maven-3.6.0-bin\apache-maven-3.6.0\m2\repository\com\fasterxml\jackson\core\jackson-core\2.9.8\jackson-core-2.9.8.jar;D:\Maven\apache-maven-3.6.0-bin\apache-maven-3.6.0\m2\repository\com\fasterxml\jackson\datatype\jackson-datatype-jdk8\2.9.8\jackson-datatype-jdk8-2.9.8.jar;D:\Maven\apache-maven-3.6.0-bin\apache-maven-3.6.0\m2\repository\com\fasterxml\jackson\datatype\jackson-datatype-jsr310\2.9.8\jackson-datatype-jsr310-2.9.8.jar;D:\Maven\apache-maven-3.6.0-bin\apache-maven-3.6.0\m2\repository\com\fasterxml\jackson\module\jackson-module-parameter-names\2.9.8\jackson-module-parameter-names-2.9.8.jar;D:\Maven\apache-maven-3.6.0-bin\apache-maven-3.6.0\m2\repository\org\springframework\boot\spring-boot-starter-tomcat\2.1.3.RELEASE\spring-boot-starter-tomcat-2.1.3.RELEASE.jar;D:\Maven\apache-maven-3.6.0-bin\apache-maven-3.6.0\m2\repository\org\apache\tomcat\embed\tomcat-embed-core\9.0.16\tomcat-embed-core-9.0.16.jar;D:\Maven\apache-maven-3.6.0-bin\apache-maven-3.6.0\m2\repository\org\apache\tomcat\embed\tomcat-embed-el\9.0.16\tomcat-embed-el-9.0.16.jar;D:\Maven\apache-maven-3.6.0-bin\apache-maven-3.6.0\m2\repository\org\apache\tomcat\embed\tomcat-embed-websocket\9.0.16\tomcat-embed-websocket-9.0.16.jar;D:\Maven\apache-maven-3.6.0-bin\apache-maven-3.6.0\m2\repository\org\hibernate\validator\hibernate-validator\6.0.14.Final\hibernate-validator-6.0.14.Final.jar;D:\Maven\apache-maven-3.6.0-bin\apache-maven-3.6.0\m2\repository\javax\validation\validation-api\2.0.1.Final\validation-api-2.0.1.Final.jar;D:\Maven\apache-maven-3.6.0-bin\apache-maven-3.6.0\m2\repository\org\jboss\logging\jboss-logging\3.3.2.Final\jboss-logging-3.3.2.Final.jar;D:\Maven\apache-maven-3.6.0-bin\apache-maven-3.6.0\m2\repository\com\fasterxml\classmate\1.4.0\classmate-1.4.0.jar;D:\Maven\apache-maven-3.6.0-bin\apache-maven-3.6.0\m2\repository\org\springframework\spring-web\5.1.5.RELEASE\spring-web-5.1.5.RELEASE.jar;D:\Maven\apache-maven-3.6.0-bin\apache-maven-3.6.0\m2\repository\org\springframework\spring-beans\5.1.5.RELEASE\spring-beans-5.1.5.RELEASE.jar;D:\Maven\apache-maven-3.6.0-bin\apache-maven-3.6.0\m2\repository\org\springframework\spring-webmvc\5.1.5.RELEASE\spring-webmvc-5.1.5.RELEASE.jar;D:\Maven\apache-maven-3.6.0-bin\apache-maven-3.6.0\m2\repository\org\springframework\spring-aop\5.1.5.RELEASE\spring-aop-5.1.5.RELEASE.jar;D:\Maven\apache-maven-3.6.0-bin\apache-maven-3.6.0\m2\repository\org\springframework\spring-context\5.1.5.RELEASE\spring-context-5.1.5.RELEASE.jar;D:\Maven\apache-maven-3.6.0-bin\apache-maven-3.6.0\m2\repository\org\springframework\spring-expression\5.1.5.RELEASE\spring-expression-5.1.5.RELEASE.jar;D:\Maven\apache-maven-3.6.0-bin\apache-maven-3.6.0\m2\repository\io\lamart\xtream\xtream\0.7.5\xtream-0.7.5.jar;D:\Maven\apache-maven-3.6.0-bin\apache-maven-3.6.0\m2\repository\com\thoughtworks\xstream\xstream\1.4.8\xstream-1.4.8.jar;D:\Maven\apache-maven-3.6.0-bin\apache-maven-3.6.0\m2\repository\xmlpull\xmlpull\1.1.3.1\xmlpull-1.1.3.1.jar;D:\Maven\apache-maven-3.6.0-bin\apache-maven-3.6.0\m2\repository\xpp3\xpp3_min\1.1.4c\xpp3_min-1.1.4c.jar;D:\Maven\apache-maven-3.6.0-bin\apache-maven-3.6.0\m2\repository\org\apache\httpcomponents\httpcore\4.4.10\httpcore-4.4.10.jar;D:\Maven\apache-maven-3.6.0-bin\apache-maven-3.6.0\m2\repository\org\apache\httpcomponents\httpclient\4.5.6\httpclient-4.5.6.jar;D:\Maven\apache-maven-3.6.0-bin\apache-maven-3.6.0\m2\repository\com\alibaba\fastjson\1.2.47\fastjson-1.2.47.jar;D:\Maven\apache-maven-3.6.0-bin\apache-maven-3.6.0\m2\repository\net\sf\json-lib\json-lib\2.4\json-lib-2.4-jdk15.jar;D:\Maven\apache-maven-3.6.0-bin\apache-maven-3.6.0\m2\repository\commons-beanutils\commons-beanutils\1.8.0\commons-beanutils-1.8.0.jar;D:\Maven\apache-maven-3.6.0-bin\apache-maven-3.6.0\m2\repository\commons-collections\commons-collections\3.2.1\commons-collections-3.2.1.jar;D:\Maven\apache-maven-3.6.0-bin\apache-maven-3.6.0\m2\repository\commons-lang\commons-lang\2.5\commons-lang-2.5.jar;D:\Maven\apache-maven-3.6.0-bin\apache-maven-3.6.0\m2\repository\commons-logging\commons-logging\1.1.1\commons-logging-1.1.1.jar;D:\Maven\apache-maven-3.6.0-bin\apache-maven-3.6.0\m2\repository\net\sf\ezmorph\ezmorph\1.0.6\ezmorph-1.0.6.jar;D:\Maven\apache-maven-3.6.0-bin\apache-maven-3.6.0\m2\repository\mysql\mysql-connector-java\8.0.15\mysql-connector-java-8.0.15.jar;D:\Maven\apache-maven-3.6.0-bin\apache-maven-3.6.0\m2\repository\com\github\pagehelper\pagehelper-spring-boot-starter\1.2.3\pagehelper-spring-boot-starter-1.2.3.jar;D:\Maven\apache-maven-3.6.0-bin\apache-maven-3.6.0\m2\repository\com\github\pagehelper\pagehelper-spring-boot-autoconfigure\1.2.3\pagehelper-spring-boot-autoconfigure-1.2.3.jar;D:\Maven\apache-maven-3.6.0-bin\apache-maven-3.6.0\m2\repository\com\github\pagehelper\pagehelper\5.1.2\pagehelper-5.1.2.jar;D:\Maven\apache-maven-3.6.0-bin\apache-maven-3.6.0\m2\repository\com\github\jsqlparser\jsqlparser\1.0\jsqlparser-1.0.jar;D:\Maven\apache-maven-3.6.0-bin\apache-maven-3.6.0\m2\repository\org\mybatis\spring\boot\mybatis-spring-boot-starter\2.0.0\mybatis-spring-boot-starter-2.0.0.jar;D:\Maven\apache-maven-3.6.0-bin\apache-maven-3.6.0\m2\repository\org\springframework\boot\spring-boot-starter-jdbc\2.1.3.RELEASE\spring-boot-starter-jdbc-2.1.3.RELEASE.jar;D:\Maven\apache-maven-3.6.0-bin\apache-maven-3.6.0\m2\repository\com\zaxxer\HikariCP\3.2.0\HikariCP-3.2.0.jar;D:\Maven\apache-maven-3.6.0-bin\apache-maven-3.6.0\m2\repository\org\springframework\spring-jdbc\5.1.5.RELEASE\spring-jdbc-5.1.5.RELEASE.jar;D:\Maven\apache-maven-3.6.0-bin\apache-maven-3.6.0\m2\repository\org\springframework\spring-tx\5.1.5.RELEASE\spring-tx-5.1.5.RELEASE.jar;D:\Maven\apache-maven-3.6.0-bin\apache-maven-3.6.0\m2\repository\org\mybatis\spring\boot\mybatis-spring-boot-autoconfigure\2.0.0\mybatis-spring-boot-autoconfigure-2.0.0.jar;D:\Maven\apache-maven-3.6.0-bin\apache-maven-3.6.0\m2\repository\org\mybatis\mybatis\3.5.0\mybatis-3.5.0.jar;D:\Maven\apache-maven-3.6.0-bin\apache-maven-3.6.0\m2\repository\org\mybatis\mybatis-spring\2.0.0\mybatis-spring-2.0.0.jar;D:\Maven\apache-maven-3.6.0-bin\apache-maven-3.6.0\m2\repository\com\googlecode\log4jdbc\log4jdbc\1.2\log4jdbc-1.2.jar;D:\Maven\apache-maven-3.6.0-bin\apache-maven-3.6.0\m2\repository\org\springframework\boot\spring-boot-starter-test\2.1.3.RELEASE\spring-boot-starter-test-2.1.3.RELEASE.jar;D:\Maven\apache-maven-3.6.0-bin\apache-maven-3.6.0\m2\repository\org\springframework\boot\spring-boot-test\2.1.3.RELEASE\spring-boot-test-2.1.3.RELEASE.jar;D:\Maven\apache-maven-3.6.0-bin\apache-maven-3.6.0\m2\repository\org\springframework\boot\spring-boot-test-autoconfigure\2.1.3.RELEASE\spring-boot-test-autoconfigure-2.1.3.RELEASE.jar;D:\Maven\apache-maven-3.6.0-bin\apache-maven-3.6.0\m2\repository\com\jayway\jsonpath\json-path\2.4.0\json-path-2.4.0.jar;D:\Maven\apache-maven-3.6.0-bin\apache-maven-3.6.0\m2\repository\net\minidev\json-smart\2.3\json-smart-2.3.jar;D:\Maven\apache-maven-3.6.0-bin\apache-maven-3.6.0\m2\repository\net\minidev\accessors-smart\1.2\accessors-smart-1.2.jar;D:\Maven\apache-maven-3.6.0-bin\apache-maven-3.6.0\m2\repository\org\ow2\asm\asm\5.0.4\asm-5.0.4.jar;D:\Maven\apache-maven-3.6.0-bin\apache-maven-3.6.0\m2\repository\org\assertj\assertj-core\3.11.1\assertj-core-3.11.1.jar;D:\Maven\apache-maven-3.6.0-bin\apache-maven-3.6.0\m2\repository\org\mockito\mockito-core\2.23.4\mockito-core-2.23.4.jar;D:\Maven\apache-maven-3.6.0-bin\apache-maven-3.6.0\m2\repository\net\bytebuddy\byte-buddy\1.9.10\byte-buddy-1.9.10.jar;D:\Maven\apache-maven-3.6.0-bin\apache-maven-3.6.0\m2\repository\net\bytebuddy\byte-buddy-agent\1.9.10\byte-buddy-agent-1.9.10.jar;D:\Maven\apache-maven-3.6.0-bin\apache-maven-3.6.0\m2\repository\org\objenesis\objenesis\2.6\objenesis-2.6.jar;D:\Maven\apache-maven-3.6.0-bin\apache-maven-3.6.0\m2\repository\org\hamcrest\hamcrest-core\1.3\hamcrest-core-1.3.jar;D:\Maven\apache-maven-3.6.0-bin\apache-maven-3.6.0\m2\repository\org\hamcrest\hamcrest-library\1.3\hamcrest-library-1.3.jar;D:\Maven\apache-maven-3.6.0-bin\apache-maven-3.6.0\m2\repository\org\skyscreamer\jsonassert\1.5.0\jsonassert-1.5.0.jar;D:\Maven\apache-maven-3.6.0-bin\apache-maven-3.6.0\m2\repository\com\vaadin\external\google\android-json\0.0.20131108.vaadin1\android-json-0.0.20131108.vaadin1.jar;D:\Maven\apache-maven-3.6.0-bin\apache-maven-3.6.0\m2\repository\org\springframework\spring-core\5.1.5.RELEASE\spring-core-5.1.5.RELEASE.jar;D:\Maven\apache-maven-3.6.0-bin\apache-maven-3.6.0\m2\repository\org\springframework\spring-jcl\5.1.5.RELEASE\spring-jcl-5.1.5.RELEASE.jar;D:\Maven\apache-maven-3.6.0-bin\apache-maven-3.6.0\m2\repository\org\springframework\spring-test\5.1.5.RELEASE\spring-test-5.1.5.RELEASE.jar;D:\Maven\apache-maven-3.6.0-bin\apache-maven-3.6.0\m2\repository\org\xmlunit\xmlunit-core\2.6.2\xmlunit-core-2.6.2.jar;D:\Maven\apache-maven-3.6.0-bin\apache-maven-3.6.0\m2\repository\dom4j\dom4j\1.6.1\dom4j-1.6.1.jar;D:\Maven\apache-maven-3.6.0-bin\apache-maven-3.6.0\m2\repository\xml-apis\xml-apis\1.4.01\xml-apis-1.4.01.jar;D:\Maven\apache-maven-3.6.0-bin\apache-maven-3.6.0\m2\repository\org\projectlombok\lombok\1.18.6\lombok-1.18.6.jar;D:\Maven\apache-maven-3.6.0-bin\apache-maven-3.6.0\m2\repository\junit\junit\4.12\junit-4.12.jar;D:\Maven\apache-maven-3.6.0-bin\apache-maven-3.6.0\m2\repository\com\alibaba\druid\1.0.9\druid-1.0.9.jar;D:\Java\jdk1.8.0_181\jre\..\lib\jconsole.jar;D:\Java\jdk1.8.0_181\jre\..\lib\tools.jar;D:\Maven\apache-maven-3.6.0-bin\apache-maven-3.6.0\m2\repository\org\json\json\20160810\json-20160810.jar;D:\Maven\apache-maven-3.6.0-bin\apache-maven-3.6.0\m2\repository\com\baidu\aip\java-sdk\4.11.3\java-sdk-4.11.3.jar;D:\Maven\apache-maven-3.6.0-bin\apache-maven-3.6.0\m2\repository\org\slf4j\slf4j-simple\1.7.25\slf4j-simple-1.7.25.jar;D:\Maven\apache-maven-3.6.0-bin\apache-maven-3.6.0\m2\repository\org\jsoup\jsoup\1.11.3\jsoup-1.11.3.jar;"/>
    <property name="java.vm.vendor" value="Oracle Corporation"/>
    <property name="sun.arch.data.model" value="32"/>
    <property name="user.variant" value=""/>
    <property name="java.vendor.url" value="http://java.oracle.com/"/>
    <property name="user.timezone" value="Asia/Shanghai"/>
    <property name="java.vm.specification.version" value="1.8"/>
    <property name="os.name" value="Windows 10"/>
    <property name="user.country" value="CN"/>
    <property name="sun.java.launcher" value="SUN_STANDARD"/>
    <property name="sun.boot.library.path" value="D:\Java\jdk1.8.0_181\jre\bin"/>
    <property name="sun.java.command" value="C:\Users\lenovo\AppData\Local\Temp\surefire5373342596868681915\surefirebooter706486585344231100.jar C:\Users\lenovo\AppData\Local\Temp\surefire5373342596868681915 2020-01-23T15-08-04_693-jvmRun1 surefire6606796830390074168tmp surefire_04990736655443583639tmp"/>
    <property name="surefire.test.class.path" value="D:\Code\wx\target\test-classes;D:\Code\wx\target\classes;D:\Maven\apache-maven-3.6.0-bin\apache-maven-3.6.0\m2\repository\com\jolbox\bonecp-spring\0.8.0.RELEASE\bonecp-spring-0.8.0.RELEASE.jar;D:\Maven\apache-maven-3.6.0-bin\apache-maven-3.6.0\m2\repository\com\jolbox\bonecp\0.8.0.RELEASE\bonecp-0.8.0.RELEASE.jar;D:\Maven\apache-maven-3.6.0-bin\apache-maven-3.6.0\m2\repository\com\google\guava\guava\15.0\guava-15.0.jar;D:\Maven\apache-maven-3.6.0-bin\apache-maven-3.6.0\m2\repository\org\slf4j\slf4j-api\1.7.25\slf4j-api-1.7.25.jar;D:\Maven\apache-maven-3.6.0-bin\apache-maven-3.6.0\m2\repository\commons-codec\commons-codec\1.9\commons-codec-1.9.jar;D:\Maven\apache-maven-3.6.0-bin\apache-maven-3.6.0\m2\repository\org\springframework\boot\spring-boot-starter-web\2.1.3.RELEASE\spring-boot-starter-web-2.1.3.RELEASE.jar;D:\Maven\apache-maven-3.6.0-bin\apache-maven-3.6.0\m2\repository\org\springframework\boot\spring-boot-starter\2.1.3.RELEASE\spring-boot-starter-2.1.3.RELEASE.jar;D:\Maven\apache-maven-3.6.0-bin\apache-maven-3.6.0\m2\repository\org\springframework\boot\spring-boot\2.1.3.RELEASE\spring-boot-2.1.3.RELEASE.jar;D:\Maven\apache-maven-3.6.0-bin\apache-maven-3.6.0\m2\repository\org\springframework\boot\spring-boot-autoconfigure\2.1.3.RELEASE\spring-boot-autoconfigure-2.1.3.RELEASE.jar;D:\Maven\apache-maven-3.6.0-bin\apache-maven-3.6.0\m2\repository\org\springframework\boot\spring-boot-starter-logging\2.1.3.RELEASE\spring-boot-starter-logging-2.1.3.RELEASE.jar;D:\Maven\apache-maven-3.6.0-bin\apache-maven-3.6.0\m2\repository\ch\qos\logback\logback-classic\1.2.3\logback-classic-1.2.3.jar;D:\Maven\apache-maven-3.6.0-bin\apache-maven-3.6.0\m2\repository\ch\qos\logback\logback-core\1.2.3\logback-core-1.2.3.jar;D:\Maven\apache-maven-3.6.0-bin\apache-maven-3.6.0\m2\repository\org\apache\logging\log4j\log4j-to-slf4j\2.11.2\log4j-to-slf4j-2.11.2.jar;D:\Maven\apache-maven-3.6.0-bin\apache-maven-3.6.0\m2\repository\org\apache\logging\log4j\log4j-api\2.11.2\log4j-api-2.11.2.jar;D:\Maven\apache-maven-3.6.0-bin\apache-maven-3.6.0\m2\repository\org\slf4j\jul-to-slf4j\1.7.25\jul-to-slf4j-1.7.25.jar;D:\Maven\apache-maven-3.6.0-bin\apache-maven-3.6.0\m2\repository\javax\annotation\javax.annotation-api\1.3.2\javax.annotation-api-1.3.2.jar;D:\Maven\apache-maven-3.6.0-bin\apache-maven-3.6.0\m2\repository\org\yaml\snakeyaml\1.23\snakeyaml-1.23.jar;D:\Maven\apache-maven-3.6.0-bin\apache-maven-3.6.0\m2\repository\org\springframework\boot\spring-boot-starter-json\2.1.3.RELEASE\spring-boot-starter-json-2.1.3.RELEASE.jar;D:\Maven\apache-maven-3.6.0-bin\apache-maven-3.6.0\m2\repository\com\fasterxml\jackson\core\jackson-databind\2.9.8\jackson-databind-2.9.8.jar;D:\Maven\apache-maven-3.6.0-bin\apache-maven-3.6.0\m2\repository\com\fasterxml\jackson\core\jackson-annotations\2.9.0\jackson-annotations-2.9.0.jar;D:\Maven\apache-maven-3.6.0-bin\apache-maven-3.6.0\m2\repository\com\fasterxml\jackson\core\jackson-core\2.9.8\jackson-core-2.9.8.jar;D:\Maven\apache-maven-3.6.0-bin\apache-maven-3.6.0\m2\repository\com\fasterxml\jackson\datatype\jackson-datatype-jdk8\2.9.8\jackson-datatype-jdk8-2.9.8.jar;D:\Maven\apache-maven-3.6.0-bin\apache-maven-3.6.0\m2\repository\com\fasterxml\jackson\datatype\jackson-datatype-jsr310\2.9.8\jackson-datatype-jsr310-2.9.8.jar;D:\Maven\apache-maven-3.6.0-bin\apache-maven-3.6.0\m2\repository\com\fasterxml\jackson\module\jackson-module-parameter-names\2.9.8\jackson-module-parameter-names-2.9.8.jar;D:\Maven\apache-maven-3.6.0-bin\apache-maven-3.6.0\m2\repository\org\springframework\boot\spring-boot-starter-tomcat\2.1.3.RELEASE\spring-boot-starter-tomcat-2.1.3.RELEASE.jar;D:\Maven\apache-maven-3.6.0-bin\apache-maven-3.6.0\m2\repository\org\apache\tomcat\embed\tomcat-embed-core\9.0.16\tomcat-embed-core-9.0.16.jar;D:\Maven\apache-maven-3.6.0-bin\apache-maven-3.6.0\m2\repository\org\apache\tomcat\embed\tomcat-embed-el\9.0.16\tomcat-embed-el-9.0.16.jar;D:\Maven\apache-maven-3.6.0-bin\apache-maven-3.6.0\m2\repository\org\apache\tomcat\embed\tomcat-embed-websocket\9.0.16\tomcat-embed-websocket-9.0.16.jar;D:\Maven\apache-maven-3.6.0-bin\apache-maven-3.6.0\m2\repository\org\hibernate\validator\hibernate-validator\6.0.14.Final\hibernate-validator-6.0.14.Final.jar;D:\Maven\apache-maven-3.6.0-bin\apache-maven-3.6.0\m2\repository\javax\validation\validation-api\2.0.1.Final\validation-api-2.0.1.Final.jar;D:\Maven\apache-maven-3.6.0-bin\apache-maven-3.6.0\m2\repository\org\jboss\logging\jboss-logging\3.3.2.Final\jboss-logging-3.3.2.Final.jar;D:\Maven\apache-maven-3.6.0-bin\apache-maven-3.6.0\m2\repository\com\fasterxml\classmate\1.4.0\classmate-1.4.0.jar;D:\Maven\apache-maven-3.6.0-bin\apache-maven-3.6.0\m2\repository\org\springframework\spring-web\5.1.5.RELEASE\spring-web-5.1.5.RELEASE.jar;D:\Maven\apache-maven-3.6.0-bin\apache-maven-3.6.0\m2\repository\org\springframework\spring-beans\5.1.5.RELEASE\spring-beans-5.1.5.RELEASE.jar;D:\Maven\apache-maven-3.6.0-bin\apache-maven-3.6.0\m2\repository\org\springframework\spring-webmvc\5.1.5.RELEASE\spring-webmvc-5.1.5.RELEASE.jar;D:\Maven\apache-maven-3.6.0-bin\apache-maven-3.6.0\m2\repository\org\springframework\spring-aop\5.1.5.RELEASE\spring-aop-5.1.5.RELEASE.jar;D:\Maven\apache-maven-3.6.0-bin\apache-maven-3.6.0\m2\repository\org\springframework\spring-context\5.1.5.RELEASE\spring-context-5.1.5.RELEASE.jar;D:\Maven\apache-maven-3.6.0-bin\apache-maven-3.6.0\m2\repository\org\springframework\spring-expression\5.1.5.RELEASE\spring-expression-5.1.5.RELEASE.jar;D:\Maven\apache-maven-3.6.0-bin\apache-maven-3.6.0\m2\repository\io\lamart\xtream\xtream\0.7.5\xtream-0.7.5.jar;D:\Maven\apache-maven-3.6.0-bin\apache-maven-3.6.0\m2\repository\com\thoughtworks\xstream\xstream\1.4.8\xstream-1.4.8.jar;D:\Maven\apache-maven-3.6.0-bin\apache-maven-3.6.0\m2\repository\xmlpull\xmlpull\1.1.3.1\xmlpull-1.1.3.1.jar;D:\Maven\apache-maven-3.6.0-bin\apache-maven-3.6.0\m2\repository\xpp3\xpp3_min\1.1.4c\xpp3_min-1.1.4c.jar;D:\Maven\apache-maven-3.6.0-bin\apache-maven-3.6.0\m2\repository\org\apache\httpcomponents\httpcore\4.4.10\httpcore-4.4.10.jar;D:\Maven\apache-maven-3.6.0-bin\apache-maven-3.6.0\m2\repository\org\apache\httpcomponents\httpclient\4.5.6\httpclient-4.5.6.jar;D:\Maven\apache-maven-3.6.0-bin\apache-maven-3.6.0\m2\repository\com\alibaba\fastjson\1.2.47\fastjson-1.2.47.jar;D:\Maven\apache-maven-3.6.0-bin\apache-maven-3.6.0\m2\repository\net\sf\json-lib\json-lib\2.4\json-lib-2.4-jdk15.jar;D:\Maven\apache-maven-3.6.0-bin\apache-maven-3.6.0\m2\repository\commons-beanutils\commons-beanutils\1.8.0\commons-beanutils-1.8.0.jar;D:\Maven\apache-maven-3.6.0-bin\apache-maven-3.6.0\m2\repository\commons-collections\commons-collections\3.2.1\commons-collections-3.2.1.jar;D:\Maven\apache-maven-3.6.0-bin\apache-maven-3.6.0\m2\repository\commons-lang\commons-lang\2.5\commons-lang-2.5.jar;D:\Maven\apache-maven-3.6.0-bin\apache-maven-3.6.0\m2\repository\commons-logging\commons-logging\1.1.1\commons-logging-1.1.1.jar;D:\Maven\apache-maven-3.6.0-bin\apache-maven-3.6.0\m2\repository\net\sf\ezmorph\ezmorph\1.0.6\ezmorph-1.0.6.jar;D:\Maven\apache-maven-3.6.0-bin\apache-maven-3.6.0\m2\repository\mysql\mysql-connector-java\8.0.15\mysql-connector-java-8.0.15.jar;D:\Maven\apache-maven-3.6.0-bin\apache-maven-3.6.0\m2\repository\com\github\pagehelper\pagehelper-spring-boot-starter\1.2.3\pagehelper-spring-boot-starter-1.2.3.jar;D:\Maven\apache-maven-3.6.0-bin\apache-maven-3.6.0\m2\repository\com\github\pagehelper\pagehelper-spring-boot-autoconfigure\1.2.3\pagehelper-spring-boot-autoconfigure-1.2.3.jar;D:\Maven\apache-maven-3.6.0-bin\apache-maven-3.6.0\m2\repository\com\github\pagehelper\pagehelper\5.1.2\pagehelper-5.1.2.jar;D:\Maven\apache-maven-3.6.0-bin\apache-maven-3.6.0\m2\repository\com\github\jsqlparser\jsqlparser\1.0\jsqlparser-1.0.jar;D:\Maven\apache-maven-3.6.0-bin\apache-maven-3.6.0\m2\repository\org\mybatis\spring\boot\mybatis-spring-boot-starter\2.0.0\mybatis-spring-boot-starter-2.0.0.jar;D:\Maven\apache-maven-3.6.0-bin\apache-maven-3.6.0\m2\repository\org\springframework\boot\spring-boot-starter-jdbc\2.1.3.RELEASE\spring-boot-starter-jdbc-2.1.3.RELEASE.jar;D:\Maven\apache-maven-3.6.0-bin\apache-maven-3.6.0\m2\repository\com\zaxxer\HikariCP\3.2.0\HikariCP-3.2.0.jar;D:\Maven\apache-maven-3.6.0-bin\apache-maven-3.6.0\m2\repository\org\springframework\spring-jdbc\5.1.5.RELEASE\spring-jdbc-5.1.5.RELEASE.jar;D:\Maven\apache-maven-3.6.0-bin\apache-maven-3.6.0\m2\repository\org\springframework\spring-tx\5.1.5.RELEASE\spring-tx-5.1.5.RELEASE.jar;D:\Maven\apache-maven-3.6.0-bin\apache-maven-3.6.0\m2\repository\org\mybatis\spring\boot\mybatis-spring-boot-autoconfigure\2.0.0\mybatis-spring-boot-autoconfigure-2.0.0.jar;D:\Maven\apache-maven-3.6.0-bin\apache-maven-3.6.0\m2\repository\org\mybatis\mybatis\3.5.0\mybatis-3.5.0.jar;D:\Maven\apache-maven-3.6.0-bin\apache-maven-3.6.0\m2\repository\org\mybatis\mybatis-spring\2.0.0\mybatis-spring-2.0.0.jar;D:\Maven\apache-maven-3.6.0-bin\apache-maven-3.6.0\m2\repository\com\googlecode\log4jdbc\log4jdbc\1.2\log4jdbc-1.2.jar;D:\Maven\apache-maven-3.6.0-bin\apache-maven-3.6.0\m2\repository\org\springframework\boot\spring-boot-starter-test\2.1.3.RELEASE\spring-boot-starter-test-2.1.3.RELEASE.jar;D:\Maven\apache-maven-3.6.0-bin\apache-maven-3.6.0\m2\repository\org\springframework\boot\spring-boot-test\2.1.3.RELEASE\spring-boot-test-2.1.3.RELEASE.jar;D:\Maven\apache-maven-3.6.0-bin\apache-maven-3.6.0\m2\repository\org\springframework\boot\spring-boot-test-autoconfigure\2.1.3.RELEASE\spring-boot-test-autoconfigure-2.1.3.RELEASE.jar;D:\Maven\apache-maven-3.6.0-bin\apache-maven-3.6.0\m2\repository\com\jayway\jsonpath\json-path\2.4.0\json-path-2.4.0.jar;D:\Maven\apache-maven-3.6.0-bin\apache-maven-3.6.0\m2\repository\net\minidev\json-smart\2.3\json-smart-2.3.jar;D:\Maven\apache-maven-3.6.0-bin\apache-maven-3.6.0\m2\repository\net\minidev\accessors-smart\1.2\accessors-smart-1.2.jar;D:\Maven\apache-maven-3.6.0-bin\apache-maven-3.6.0\m2\repository\org\ow2\asm\asm\5.0.4\asm-5.0.4.jar;D:\Maven\apache-maven-3.6.0-bin\apache-maven-3.6.0\m2\repository\org\assertj\assertj-core\3.11.1\assertj-core-3.11.1.jar;D:\Maven\apache-maven-3.6.0-bin\apache-maven-3.6.0\m2\repository\org\mockito\mockito-core\2.23.4\mockito-core-2.23.4.jar;D:\Maven\apache-maven-3.6.0-bin\apache-maven-3.6.0\m2\repository\net\bytebuddy\byte-buddy\1.9.10\byte-buddy-1.9.10.jar;D:\Maven\apache-maven-3.6.0-bin\apache-maven-3.6.0\m2\repository\net\bytebuddy\byte-buddy-agent\1.9.10\byte-buddy-agent-1.9.10.jar;D:\Maven\apache-maven-3.6.0-bin\apache-maven-3.6.0\m2\repository\org\objenesis\objenesis\2.6\objenesis-2.6.jar;D:\Maven\apache-maven-3.6.0-bin\apache-maven-3.6.0\m2\repository\org\hamcrest\hamcrest-core\1.3\hamcrest-core-1.3.jar;D:\Maven\apache-maven-3.6.0-bin\apache-maven-3.6.0\m2\repository\org\hamcrest\hamcrest-library\1.3\hamcrest-library-1.3.jar;D:\Maven\apache-maven-3.6.0-bin\apache-maven-3.6.0\m2\repository\org\skyscreamer\jsonassert\1.5.0\jsonassert-1.5.0.jar;D:\Maven\apache-maven-3.6.0-bin\apache-maven-3.6.0\m2\repository\com\vaadin\external\google\android-json\0.0.20131108.vaadin1\android-json-0.0.20131108.vaadin1.jar;D:\Maven\apache-maven-3.6.0-bin\apache-maven-3.6.0\m2\repository\org\springframework\spring-core\5.1.5.RELEASE\spring-core-5.1.5.RELEASE.jar;D:\Maven\apache-maven-3.6.0-bin\apache-maven-3.6.0\m2\repository\org\springframework\spring-jcl\5.1.5.RELEASE\spring-jcl-5.1.5.RELEASE.jar;D:\Maven\apache-maven-3.6.0-bin\apache-maven-3.6.0\m2\repository\org\springframework\spring-test\5.1.5.RELEASE\spring-test-5.1.5.RELEASE.jar;D:\Maven\apache-maven-3.6.0-bin\apache-maven-3.6.0\m2\repository\org\xmlunit\xmlunit-core\2.6.2\xmlunit-core-2.6.2.jar;D:\Maven\apache-maven-3.6.0-bin\apache-maven-3.6.0\m2\repository\dom4j\dom4j\1.6.1\dom4j-1.6.1.jar;D:\Maven\apache-maven-3.6.0-bin\apache-maven-3.6.0\m2\repository\xml-apis\xml-apis\1.4.01\xml-apis-1.4.01.jar;D:\Maven\apache-maven-3.6.0-bin\apache-maven-3.6.0\m2\repository\org\projectlombok\lombok\1.18.6\lombok-1.18.6.jar;D:\Maven\apache-maven-3.6.0-bin\apache-maven-3.6.0\m2\repository\junit\junit\4.12\junit-4.12.jar;D:\Maven\apache-maven-3.6.0-bin\apache-maven-3.6.0\m2\repository\com\alibaba\druid\1.0.9\druid-1.0.9.jar;D:\Java\jdk1.8.0_181\jre\..\lib\jconsole.jar;D:\Java\jdk1.8.0_181\jre\..\lib\tools.jar;D:\Maven\apache-maven-3.6.0-bin\apache-maven-3.6.0\m2\repository\org\json\json\20160810\json-20160810.jar;D:\Maven\apache-maven-3.6.0-bin\apache-maven-3.6.0\m2\repository\com\baidu\aip\java-sdk\4.11.3\java-sdk-4.11.3.jar;D:\Maven\apache-maven-3.6.0-bin\apache-maven-3.6.0\m2\repository\org\slf4j\slf4j-simple\1.7.25\slf4j-simple-1.7.25.jar;D:\Maven\apache-maven-3.6.0-bin\apache-maven-3.6.0\m2\repository\org\jsoup\jsoup\1.11.3\jsoup-1.11.3.jar;"/>
    <property name="sun.cpu.endian" value="little"/>
    <property name="user.home" value="C:\Users\lenovo"/>
    <property name="user.language" value="zh"/>
    <property name="java.specification.vendor" value="Oracle Corporation"/>
    <property name="java.home" value="D:\Java\jdk1.8.0_181\jre"/>
    <property name="basedir" value="D:\Code\wx"/>
    <property name="file.separator" value="\"/>
    <property name="line.separator" value="&#10;"/>
    <property name="java.vm.specification.vendor" value="Oracle Corporation"/>
    <property name="java.specification.name" value="Java Platform API Specification"/>
    <property name="java.awt.graphicsenv" value="sun.awt.Win32GraphicsEnvironment"/>
    <property name="surefire.real.class.path" value="C:\Users\lenovo\AppData\Local\Temp\surefire5373342596868681915\surefirebooter706486585344231100.jar"/>
    <property name="sun.boot.class.path" value="D:\Java\jdk1.8.0_181\jre\lib\resources.jar;D:\Java\jdk1.8.0_181\jre\lib\rt.jar;D:\Java\jdk1.8.0_181\jre\lib\sunrsasign.jar;D:\Java\jdk1.8.0_181\jre\lib\jsse.jar;D:\Java\jdk1.8.0_181\jre\lib\jce.jar;D:\Java\jdk1.8.0_181\jre\lib\charsets.jar;D:\Java\jdk1.8.0_181\jre\lib\jfr.jar;D:\Java\jdk1.8.0_181\jre\classes"/>
    <property name="user.script" value=""/>
    <property name="sun.management.compiler" value="HotSpot Client Compiler"/>
    <property name="java.runtime.version" value="1.8.0_181-b13"/>
    <property name="user.name" value="lenovo"/>
    <property name="path.separator" value=";"/>
    <property name="os.version" value="10.0"/>
    <property name="java.endorsed.dirs" value="D:\Java\jdk1.8.0_181\jre\lib\endorsed"/>
    <property name="java.runtime.name" value="Java(TM) SE Runtime Environment"/>
    <property name="file.encoding" value="GBK"/>
    <property name="java.vm.name" value="Java HotSpot(TM) Client VM"/>
    <property name="localRepository" value="D:\Maven\apache-maven-3.6.0-bin\apache-maven-3.6.0\m2\repository"/>
    <property name="java.vendor.url.bug" value="http://bugreport.sun.com/bugreport/"/>
    <property name="java.io.tmpdir" value="C:\Users\lenovo\AppData\Local\Temp\"/>
    <property name="idea.version" value="2018.2.2"/>
    <property name="java.version" value="1.8.0_181"/>
    <property name="user.dir" value="D:\Code\wx"/>
    <property name="os.arch" value="x86"/>
    <property name="java.vm.specification.name" value="Java Virtual Machine Specification"/>
    <property name="java.awt.printerjob" value="sun.awt.windows.WPrinterJob"/>
    <property name="sun.os.patch.level" value=""/>
    <property name="java.library.path" value="D:\Java\jdk1.8.0_181\jre\bin;C:\WINDOWS\Sun\Java\bin;C:\WINDOWS\system32;C:\WINDOWS;C:\Program Files (x86)\Common Files\Oracle\Java\javapath;C:\ProgramData\Oracle\Java\javapath;C:\Program Files (x86)\Intel\iCLS Client\;C:\Program Files\Intel\iCLS Client\;C:\Windows\system32;C:\Windows;C:\Windows\System32\Wbem;C:\Windows\System32\WindowsPowerShell\v1.0\;C:\Program Files (x86)\Intel\Intel(R) Management Engine Components\DAL;C:\Program Files\Intel\Intel(R) Management Engine Components\DAL;C:\Program Files (x86)\Intel\Intel(R) Management Engine Components\IPT;C:\Program Files\Intel\Intel(R) Management Engine Components\IPT;C:\Program Files (x86)\NVIDIA Corporation\PhysX\Common;C:\WINDOWS\system32;C:\WINDOWS;C:\WINDOWS\System32\Wbem;C:\WINDOWS\System32\WindowsPowerShell\v1.0\;D:\MySQL\mysql-5.7.20-winx64\bin;C:\Program Files\Microsoft SQL Server\130\Tools\Binn\;C:\Program Files\Microsoft SQL Server\Client SDK\ODBC\130\Tools\Binn\;C:\Program Files (x86)\Microsoft SQL Server\140\Tools\Binn\;C:\Program Files\Microsoft SQL Server\140\Tools\Binn\;C:\Program Files\Microsoft SQL Server\140\DTS\Binn\;C:\Program Files\Intel\WiFi\bin\;C:\Program Files\Common Files\Intel\WirelessCommon\;D:\Python\Python3.6.5\python.exe;C:\Program Files\MySQL\MySQL Utilities 1.6\;D:\Git\cmd;D:\Oracle\instantclient-basic-win32-10.1.0.5-20060419\instantclient10_1\config;D:\Go\bin;D:\TortoiseSVN\bin;C:\WINDOWS\System32\OpenSSH\;D:\Maven\apache-maven-3.6.0-bin\apache-maven-3.6.0\bin\;D:\Program Files\ffmpeg\ffmpeg\bin;C:\Users\lenovo\.app\;C:\Users\lenovo\AppData\Local\Microsoft\WindowsApps;C:\Program Files\Intel\WiFi\bin\;C:\Program Files\Common Files\Intel\WirelessCommon\;D:\Python\Python3.6.5\python.exe;D:\Android Stdio\jre\bin;D:\Program\MySQL\MySQL Server 5.7\lib;E:\Go-WorkSpace\bin;E:\VSCode\Microsoft VS Code\bin;E:\Program Files\MinGW-m64\mingw64\bin;D:\Program Files\Oracle\VirtualBox\VBoxManage.exe;C:\Program Files (x86)\Vim\vim80;D:\Java\jdk1.8.0_181\bin;D:\Java\jdk1.8.0_181\jre\bin;;."/>
    <property name="java.vm.info" value="mixed mode, sharing"/>
    <property name="java.vendor" value="Oracle Corporation"/>
    <property name="java.vm.version" value="25.181-b13"/>
    <property name="java.ext.dirs" value="D:\Java\jdk1.8.0_181\jre\lib\ext;C:\WINDOWS\Sun\Java\lib\ext"/>
    <property name="sun.io.unicode.encoding" value="UnicodeLittle"/>
    <property name="maven.repo.local" value="D:\Maven\apache-maven-3.6.0-bin\apache-maven-3.6.0\m2\repository"/>
    <property name="java.class.version" value="52.0"/>
  </properties>
  <testcase name="create_test" classname="score.ScoreControllerTest" time="0.594"/>
</testsuite>